<?xml version="1.0" encoding="UTF-8"?>
<testsuites tests="84" failures="0" disabled="0" errors="0" time="0.0" name="AllTests">
  <testsuite name="GUNNS SIM_test : Basic Network Test" tests="12" failures="0" disabled="0" errors="0" time="0.0">
    <testcase name=" Node 0 initial potential ::" status="run" time="0" classname="GUNNS SIM_test : Basic Network Test" />
    <testcase name=" Node 1 initial potential ::" status="run" time="0" classname="GUNNS SIM_test : Basic Network Test" />
    <testcase name=" SimpleVoltageSource initial flux ::" status="run" time="0" classname="GUNNS SIM_test : Basic Network Test" />
    <testcase name=" Resistor1 initial flux ::" status="run" time="0" classname="GUNNS SIM_test : Basic Network Test" />
    <testcase name=" Resistor2 initial flux ::" status="run" time="0" classname="GUNNS SIM_test : Basic Network Test" />
    <testcase name=" Node 0 final nodePotential ::" status="run" time="0" classname="GUNNS SIM_test : Basic Network Test" />
    <testcase name=" Node 1 final nodePotential ::" status="run" time="0" classname="GUNNS SIM_test : Basic Network Test" />
    <testcase name=" SimpleVoltageSource final flux ::" status="run" time="0" classname="GUNNS SIM_test : Basic Network Test" />
    <testcase name=" Resistor1 final flux ::" status="run" time="0" classname="GUNNS SIM_test : Basic Network Test" />
    <testcase name=" Resistor2 final flux ::" status="run" time="0" classname="GUNNS SIM_test : Basic Network Test" />
    <testcase name=" Data log convergence fail count ::" status="run" time="0" classname="GUNNS SIM_test : Basic Network Test" />
    <testcase name=" Data log average decomposition count ::" status="run" time="0" classname="GUNNS SIM_test : Basic Network Test" />
  </testsuite>
  <testsuite name="GUNNS SIM_test : Fluid Network Test" tests="41" failures="0" disabled="0" errors="0" time="0.0">
    <testcase name=" Node 0 initial pressure ::" status="run" time="0" classname="GUNNS SIM_test : Fluid Network Test" />
    <testcase name=" Node 0 initial temperature ::" status="run" time="0" classname="GUNNS SIM_test : Fluid Network Test" />
    <testcase name=" Node 0 initial H2  mass fraction ::" status="run" time="0" classname="GUNNS SIM_test : Fluid Network Test" />
    <testcase name=" Node 0 initial CH4 mass fraction ::" status="run" time="0" classname="GUNNS SIM_test : Fluid Network Test" />
    <testcase name=" Node 0 initial CO2 mass fraction ::" status="run" time="0" classname="GUNNS SIM_test : Fluid Network Test" />
    <testcase name=" Node 0 initial H2O mass fraction ::" status="run" time="0" classname="GUNNS SIM_test : Fluid Network Test" />
    <testcase name=" Node 0 initial O2  mass fraction ::" status="run" time="0" classname="GUNNS SIM_test : Fluid Network Test" />
    <testcase name=" Node 0 initial N2  mass fraction ::" status="run" time="0" classname="GUNNS SIM_test : Fluid Network Test" />
    <testcase name=" Node 1 initial pressure ::" status="run" time="0" classname="GUNNS SIM_test : Fluid Network Test" />
    <testcase name=" Node 1 initial temperature ::" status="run" time="0" classname="GUNNS SIM_test : Fluid Network Test" />
    <testcase name=" Node 1 initial H2  mass fraction ::" status="run" time="0" classname="GUNNS SIM_test : Fluid Network Test" />
    <testcase name=" Node 1 initial CH4 mass fraction ::" status="run" time="0" classname="GUNNS SIM_test : Fluid Network Test" />
    <testcase name=" Node 1 initial CO2 mass fraction ::" status="run" time="0" classname="GUNNS SIM_test : Fluid Network Test" />
    <testcase name=" Node 1 initial H2O mass fraction ::" status="run" time="0" classname="GUNNS SIM_test : Fluid Network Test" />
    <testcase name=" Node 1 initial O2  mass fraction ::" status="run" time="0" classname="GUNNS SIM_test : Fluid Network Test" />
    <testcase name=" Node 1 initial N2  mass fraction ::" status="run" time="0" classname="GUNNS SIM_test : Fluid Network Test" />
    <testcase name=" conductor1 initial flow rate ::" status="run" time="0" classname="GUNNS SIM_test : Fluid Network Test" />
    <testcase name=" leak       initial flow rate ::" status="run" time="0" classname="GUNNS SIM_test : Fluid Network Test" />
    <testcase name=" Node 0 final pressure ::" status="run" time="0" classname="GUNNS SIM_test : Fluid Network Test" />
    <testcase name=" Node 0 final temperature ::" status="run" time="0" classname="GUNNS SIM_test : Fluid Network Test" />
    <testcase name=" Node 0 final H2  mass fraction ::" status="run" time="0" classname="GUNNS SIM_test : Fluid Network Test" />
    <testcase name=" Node 0 final CH4 mass fraction ::" status="run" time="0" classname="GUNNS SIM_test : Fluid Network Test" />
    <testcase name=" Node 0 final CO2 mass fraction ::" status="run" time="0" classname="GUNNS SIM_test : Fluid Network Test" />
    <testcase name=" Node 0 final H2O mass fraction ::" status="run" time="0" classname="GUNNS SIM_test : Fluid Network Test" />
    <testcase name=" Node 0 final O2  mass fraction ::" status="run" time="0" classname="GUNNS SIM_test : Fluid Network Test" />
    <testcase name=" Node 0 final N2  mass fraction ::" status="run" time="0" classname="GUNNS SIM_test : Fluid Network Test" />
    <testcase name=" Node 1 final pressure ::" status="run" time="0" classname="GUNNS SIM_test : Fluid Network Test" />
    <testcase name=" Node 1 final temperature ::" status="run" time="0" classname="GUNNS SIM_test : Fluid Network Test" />
    <testcase name=" Node 1 final H2  mass fraction ::" status="run" time="0" classname="GUNNS SIM_test : Fluid Network Test" />
    <testcase name=" Node 1 final CH4 mass fraction ::" status="run" time="0" classname="GUNNS SIM_test : Fluid Network Test" />
    <testcase name=" Node 1 final CO2 mass fraction ::" status="run" time="0" classname="GUNNS SIM_test : Fluid Network Test" />
    <testcase name=" Node 1 final H2O mass fraction ::" status="run" time="0" classname="GUNNS SIM_test : Fluid Network Test" />
    <testcase name=" Node 1 final O2  mass fraction ::" status="run" time="0" classname="GUNNS SIM_test : Fluid Network Test" />
    <testcase name=" Node 1 final N2  mass fraction ::" status="run" time="0" classname="GUNNS SIM_test : Fluid Network Test" />
    <testcase name=" conductor1 final flow rate ::" status="run" time="0" classname="GUNNS SIM_test : Fluid Network Test" />
    <testcase name=" leak       final flow rate ::" status="run" time="0" classname="GUNNS SIM_test : Fluid Network Test" />
    <testcase name=" Data log average decomposition count ::" status="run" time="0" classname="GUNNS SIM_test : Fluid Network Test" />
    <testcase name=" Data log Node 0 initial pressure ::" status="run" time="0" classname="GUNNS SIM_test : Fluid Network Test" />
    <testcase name=" Data log Node 1 initial pressure ::" status="run" time="0" classname="GUNNS SIM_test : Fluid Network Test" />
    <testcase name=" Data log Node 0 final pressure ::" status="run" time="0" classname="GUNNS SIM_test : Fluid Network Test" />
    <testcase name=" Data log Node 1 final pressure ::" status="run" time="0" classname="GUNNS SIM_test : Fluid Network Test" />
  </testsuite>
  <testsuite name="GUNNS SIM_test : Health and Status Log Test" tests="13" failures="0" disabled="0" errors="0" time="0.0">
    <testcase name=" fluid network initialization ::" status="run" time="0" classname="GUNNS SIM_test : Health and Status Log Test" />
    <testcase name=" elect network initialization ::" status="run" time="0" classname="GUNNS SIM_test : Health and Status Log Test" />
    <testcase name=" thermal network initialization ::" status="run" time="0" classname="GUNNS SIM_test : Health and Status Log Test" />
    <testcase name=" fluid super-network initialization ::" status="run" time="0" classname="GUNNS SIM_test : Health and Status Log Test" />
    <testcase name=" fluid super-network initialization ::" status="run" time="0" classname="GUNNS SIM_test : Health and Status Log Test" />
    <testcase name=" fluid super-network initialization ::" status="run" time="0" classname="GUNNS SIM_test : Health and Status Log Test" />
    <testcase name=" elect super-network initialization ::" status="run" time="0" classname="GUNNS SIM_test : Health and Status Log Test" />
    <testcase name=" elect super-network initialization ::" status="run" time="0" classname="GUNNS SIM_test : Health and Status Log Test" />
    <testcase name=" elect super-network initialization ::" status="run" time="0" classname="GUNNS SIM_test : Health and Status Log Test" />
    <testcase name=" thermal super-network initialization ::" status="run" time="0" classname="GUNNS SIM_test : Health and Status Log Test" />
    <testcase name=" thermal super-network initialization ::" status="run" time="0" classname="GUNNS SIM_test : Health and Status Log Test" />
    <testcase name=" thermal super-network initialization ::" status="run" time="0" classname="GUNNS SIM_test : Health and Status Log Test" />
    <testcase name=" no run messages from networks ::" status="run" time="0" classname="GUNNS SIM_test : Health and Status Log Test" />
  </testsuite>
  <testsuite name="GUNNS SIM_test : Thermal Network Test" tests="18" failures="0" disabled="0" errors="0" time="0.0">
    <testcase name=" Node 0 final potential ::" status="run" time="0" classname="GUNNS SIM_test : Thermal Network Test" />
    <testcase name=" Node 1 final potential ::" status="run" time="0" classname="GUNNS SIM_test : Thermal Network Test" />
    <testcase name=" Node 10 final potential ::" status="run" time="0" classname="GUNNS SIM_test : Thermal Network Test" />
    <testcase name=" Node 11 final potential ::" status="run" time="0" classname="GUNNS SIM_test : Thermal Network Test" />
    <testcase name=" Node 12 final potential ::" status="run" time="0" classname="GUNNS SIM_test : Thermal Network Test" />
    <testcase name=" Node 13 final potential ::" status="run" time="0" classname="GUNNS SIM_test : Thermal Network Test" />
    <testcase name=" Node 2 final potential ::" status="run" time="0" classname="GUNNS SIM_test : Thermal Network Test" />
    <testcase name=" Node 3 final potential ::" status="run" time="0" classname="GUNNS SIM_test : Thermal Network Test" />
    <testcase name=" Node 4 final potential ::" status="run" time="0" classname="GUNNS SIM_test : Thermal Network Test" />
    <testcase name=" Node 5 final potential ::" status="run" time="0" classname="GUNNS SIM_test : Thermal Network Test" />
    <testcase name=" Node 6 final potential ::" status="run" time="0" classname="GUNNS SIM_test : Thermal Network Test" />
    <testcase name=" Node 7 final potential ::" status="run" time="0" classname="GUNNS SIM_test : Thermal Network Test" />
    <testcase name=" Node 8 final potential ::" status="run" time="0" classname="GUNNS SIM_test : Thermal Network Test" />
    <testcase name=" Node 9 final potential ::" status="run" time="0" classname="GUNNS SIM_test : Thermal Network Test" />
    <testcase name=" potential final flux ::" status="run" time="0" classname="GUNNS SIM_test : Thermal Network Test" />
    <testcase name=" conductor final flux ::" status="run" time="0" classname="GUNNS SIM_test : Thermal Network Test" />
    <testcase name=" demand final flux ::" status="run" time="0" classname="GUNNS SIM_test : Thermal Network Test" />
    <testcase name=" Data log average decomposition count ::" status="run" time="0" classname="GUNNS SIM_test : Thermal Network Test" />
  </testsuite>
</testsuites>
