TN:
SF:/users/jharvey/repos/gunns/aspects/electrical/SolarArray/PVCellCompanionModel.hh
FN:245,_ZNK20PVCellCompanionModel19getConductanceStampEv
FN:253,_ZNK20PVCellCompanionModel20getSourceVectorStampEv
FN:261,_ZNK20PVCellCompanionModel6getImpEv
FN:269,_ZNK20PVCellCompanionModel6getVmpEv
FN:277,_ZNK20PVCellCompanionModel4getVEv
FN:285,_ZNK20PVCellCompanionModel6getVocEv
FN:293,_ZNK20PVCellCompanionModel6getIscEv
FN:301,_ZNK20PVCellCompanionModel9getIscRefEv
FNDA:2,_ZNK20PVCellCompanionModel6getImpEv
FNDA:720,_ZNK20PVCellCompanionModel6getIscEv
FNDA:720,_ZNK20PVCellCompanionModel6getVocEv
FNDA:1026,_ZNK20PVCellCompanionModel20getSourceVectorStampEv
FNDA:2,_ZNK20PVCellCompanionModel6getVmpEv
FNDA:1027,_ZNK20PVCellCompanionModel19getConductanceStampEv
FNDA:1,_ZNK20PVCellCompanionModel4getVEv
FNDA:720,_ZNK20PVCellCompanionModel9getIscRefEv
FNF:8
FNH:8
DA:245,1027
DA:246,1027
DA:253,1026
DA:254,1026
DA:261,2
DA:262,2
DA:269,2
DA:270,2
DA:277,1
DA:278,1
DA:285,720
DA:286,720
DA:293,720
DA:294,720
DA:301,720
DA:302,720
LF:16
LH:16
end_of_record
TN:
SF:/users/jharvey/repos/gunns/aspects/electrical/SolarArray/SolarSection.hh
FN:132,_ZN12SolarSection16getFakeOrbitFlagEv
FN:190,_ZNK12SolarSection19getConductanceStampEv
FN:198,_ZNK12SolarSection20getSourceVectorStampEv
FN:206,_ZNK12SolarSection19getNumFailedStringsEv
FN:214,_ZNK12SolarSection13getNumStringsEv
FN:222,_ZNK12SolarSection11getNumCellsEv
FNDA:72,_ZNK12SolarSection11getNumCellsEv
FNDA:9,_ZN12SolarSection16getFakeOrbitFlagEv
FNDA:8,_ZNK12SolarSection19getNumFailedStringsEv
FNDA:148,_ZNK12SolarSection20getSourceVectorStampEv
FNDA:146,_ZNK12SolarSection19getConductanceStampEv
FNDA:144,_ZNK12SolarSection13getNumStringsEv
FNF:6
FNH:6
DA:132,9
DA:133,9
DA:190,146
DA:191,146
DA:198,148
DA:199,148
DA:206,8
DA:207,8
DA:214,144
DA:215,144
DA:222,72
DA:223,72
LF:12
LH:12
end_of_record
TN:
SF:/users/jharvey/repos/gunns/aspects/electrical/SolarArray/SolarString.hh
FN:161,_ZNK11SolarString20getSourceVectorStampEv
FN:169,_ZNK11SolarString19getConductanceStampEv
FN:193,_ZNK11SolarString11getIsFailedEv
FN:201,_ZNK11SolarString11getNumCellsEv
FN:209,_ZNK11SolarString17getNumFailedCellsEv
FN:217,_ZNK11SolarString13getRefCellVocEv
FN:225,_ZNK11SolarString6getIscEv
FN:233,_ZNK11SolarString9getIscRefEv
FNDA:1014,_ZNK11SolarString11getIsFailedEv
FNDA:720,_ZNK11SolarString6getIscEv
FNDA:114,_ZNK11SolarString11getNumCellsEv
FNDA:720,_ZNK11SolarString13getRefCellVocEv
FNDA:720,_ZNK11SolarString9getIscRefEv
FNDA:2031,_ZNK11SolarString19getConductanceStampEv
FNDA:2028,_ZNK11SolarString20getSourceVectorStampEv
FNDA:1014,_ZNK11SolarString17getNumFailedCellsEv
FNF:8
FNH:8
DA:161,2028
DA:162,2028
DA:169,2031
DA:170,2031
DA:193,1014
DA:194,1014
DA:201,114
DA:202,114
DA:209,1014
DA:210,1014
DA:217,720
DA:218,720
DA:225,720
DA:226,720
DA:233,720
DA:234,720
LF:16
LH:16
end_of_record
TN:
SF:/users/jharvey/repos/gunns/aspects/electrical/SolarArray/PVCellCompanionModel.cpp
FN:38,_ZN30PVCellCompanionModelConfigDataC2Eddddddddddddd
FN:73,_ZN30PVCellCompanionModelConfigDataC2ERKS_
FN:95,_ZN30PVCellCompanionModelConfigDataD2Ev
FN:95,_ZN30PVCellCompanionModelConfigDataD0Ev
FN:108,_ZN29PVCellCompanionModelInputDataC2Ebbd
FN:122,_ZN29PVCellCompanionModelInputDataC2ERKS_
FN:134,_ZN29PVCellCompanionModelInputDataD0Ev
FN:134,_ZN29PVCellCompanionModelInputDataD2Ev
FN:142,_ZN20PVCellCompanionModelC2Ev
FN:182,_ZN20PVCellCompanionModelD2Ev
FN:182,_ZN20PVCellCompanionModelD0Ev
FN:192,_ZN20PVCellCompanionModel10initializeERK30PVCellCompanionModelConfigDataRK29PVCellCompanionModelInputData
FN:225,_ZN20PVCellCompanionModel8validateEv
FN:288,_ZN20PVCellCompanionModel6updateEbdddddb
FN:326,_ZN20PVCellCompanionModel24updatePhysicalParametersEv
FN:364,_ZN20PVCellCompanionModel20updateCompanionModelEv
FN:386,_ZN20PVCellCompanionModel19dampAndBoundIVCurveEv
FN:423,_ZN20PVCellCompanionModel16setupConductanceEv
FN:432,_ZN20PVCellCompanionModel17setupSourceVectorEv
FN:442,_ZN20PVCellCompanionModel7degradeEv
FN:470,_ZN20PVCellCompanionModel16setMalfCellPowerEb
FN:482,_ZN20PVCellCompanionModel18setMalfCellDegradeEbd
FNDA:1039,_ZN20PVCellCompanionModel19dampAndBoundIVCurveEv
FNDA:903,_ZN20PVCellCompanionModelD2Ev
FNDA:1039,_ZN20PVCellCompanionModel6updateEbdddddb
FNDA:959,_ZN20PVCellCompanionModel24updatePhysicalParametersEv
FNDA:127,_ZN29PVCellCompanionModelInputDataD0Ev
FNDA:512,_ZN30PVCellCompanionModelConfigDataD2Ev
FNDA:147,_ZN29PVCellCompanionModelInputDataC2Ebbd
FNDA:1757,_ZN20PVCellCompanionModelC2Ev
FNDA:912,_ZN20PVCellCompanionModel8validateEv
FNDA:888,_ZN20PVCellCompanionModel10initializeERK30PVCellCompanionModelConfigDataRK29PVCellCompanionModelInputData
FNDA:0,_ZN20PVCellCompanionModelD0Ev
FNDA:2,_ZN20PVCellCompanionModel18setMalfCellDegradeEbd
FNDA:1039,_ZN20PVCellCompanionModel20updateCompanionModelEv
FNDA:88,_ZN29PVCellCompanionModelInputDataC2ERKS_
FNDA:120,_ZN30PVCellCompanionModelConfigDataC2ERKS_
FNDA:2,_ZN20PVCellCompanionModel16setMalfCellPowerEb
FNDA:959,_ZN20PVCellCompanionModel7degradeEv
FNDA:235,_ZN29PVCellCompanionModelInputDataD2Ev
FNDA:374,_ZN30PVCellCompanionModelConfigDataD0Ev
FNDA:1039,_ZN20PVCellCompanionModel16setupConductanceEv
FNDA:1039,_ZN20PVCellCompanionModel17setupSourceVectorEv
FNDA:392,_ZN30PVCellCompanionModelConfigDataC2Eddddddddddddd
FNF:22
FNH:21
BRDA:98,0,0,0
BRDA:98,0,1,512
BRDA:137,0,0,0
BRDA:137,0,1,235
BRDA:184,0,0,0
BRDA:184,0,1,903
BRDA:229,9999,0,1
BRDA:229,9999,1,887
BRDA:230,0,8,0
BRDA:230,0,9,1
BRDA:233,0,0,1
BRDA:233,0,1,886
BRDA:234,0,8,0
BRDA:234,0,9,1
BRDA:237,0,0,1
BRDA:237,0,1,885
BRDA:238,0,8,0
BRDA:238,0,9,1
BRDA:241,0,0,1
BRDA:241,0,1,884
BRDA:242,0,8,0
BRDA:242,0,9,1
BRDA:245,0,0,1
BRDA:245,0,1,883
BRDA:246,0,8,0
BRDA:246,0,9,1
BRDA:249,0,0,1
BRDA:249,0,1,882
BRDA:250,0,8,0
BRDA:250,0,9,1
BRDA:253,0,0,1
BRDA:253,0,1,881
BRDA:254,0,8,0
BRDA:254,0,9,1
BRDA:257,0,0,880
BRDA:257,0,1,1
BRDA:257,1,2,0
BRDA:257,1,3,880
BRDA:258,0,8,0
BRDA:258,0,9,1
BRDA:261,0,0,879
BRDA:261,0,1,1
BRDA:261,1,2,0
BRDA:261,1,3,879
BRDA:262,0,8,0
BRDA:262,0,9,1
BRDA:266,0,0,878
BRDA:266,0,1,1
BRDA:266,1,2,1
BRDA:266,1,3,877
BRDA:267,0,8,0
BRDA:267,0,9,2
BRDA:270,0,0,876
BRDA:270,0,1,1
BRDA:270,1,2,0
BRDA:270,1,3,876
BRDA:271,0,8,0
BRDA:271,0,9,1
BRDA:298,0,0,1
BRDA:298,0,1,1038
BRDA:299,0,0,0
BRDA:299,0,1,1039
BRDA:303,0,0,1
BRDA:303,0,1,1038
BRDA:306,0,0,0
BRDA:306,0,1,1039
BRDA:307,0,0,0
BRDA:307,0,1,1039
BRDA:309,0,0,959
BRDA:309,0,1,80
BRDA:333,9999,0,85
BRDA:333,9999,1,874
BRDA:347,0,0,958
BRDA:347,0,1,1
BRDA:353,0,0,958
BRDA:353,0,1,1
BRDA:369,9999,0,1039
BRDA:369,9999,1,0
BRDA:392,0,0,785
BRDA:392,0,1,254
BRDA:394,0,0,785
BRDA:394,0,1,0
BRDA:397,0,0,785
BRDA:397,0,1,0
BRDA:409,0,0,401
BRDA:409,0,1,638
BRDA:414,0,0,2
BRDA:414,0,1,1037
BRDA:425,0,0,2
BRDA:425,0,1,1037
BRDA:434,0,0,2
BRDA:434,0,1,1037
BRDA:447,9999,0,958
BRDA:447,9999,1,1
BRDA:447,0,2,0
BRDA:447,0,3,958
BRDA:452,0,0,2
BRDA:452,0,1,957
BRDA:453,0,0,2
BRDA:453,0,1,0
BRDA:453,1,2,1
BRDA:453,1,3,1
BRF:102
BRH:77
DA:38,392
DA:65,392
DA:68,392
DA:73,120
DA:87,120
DA:90,120
DA:95,512
DA:98,886
DA:108,147
DA:114,147
DA:117,147
DA:122,88
DA:126,88
DA:129,88
DA:134,235
DA:137,362
DA:142,1757
DA:177,1757
DA:179,1757
DA:182,903
DA:184,903
DA:192,888
DA:195,888
DA:196,888
DA:197,888
DA:198,888
DA:199,888
DA:200,888
DA:201,888
DA:202,888
DA:203,888
DA:204,888
DA:205,888
DA:206,888
DA:207,888
DA:210,888
DA:211,888
DA:212,888
DA:214,888
DA:215,888
DA:218,888
DA:219,876
DA:225,888
DA:227,888
DA:229,888
DA:230,2
DA:233,887
DA:234,2
DA:237,886
DA:238,2
DA:241,885
DA:242,2
DA:245,884
DA:246,2
DA:249,883
DA:250,2
DA:253,882
DA:254,2
DA:257,881
DA:258,2
DA:261,880
DA:262,2
DA:266,879
DA:267,4
DA:270,877
DA:271,2
DA:273,888
DA:276,876
DA:288,1039
DA:291,1039
DA:292,1039
DA:293,1039
DA:294,1039
DA:295,1039
DA:296,1039
DA:297,1039
DA:298,1039
DA:299,1039
DA:301,1039
DA:303,1039
DA:304,1
DA:306,1039
DA:307,1039
DA:309,1039
DA:310,959
DA:313,1039
DA:314,1039
DA:315,1039
DA:317,1039
DA:318,1039
DA:320,1039
DA:326,959
DA:331,959
DA:333,959
DA:334,85
DA:338,959
DA:340,959
DA:341,959
DA:344,959
DA:345,959
DA:347,959
DA:349,958
DA:351,1
DA:353,959
DA:355,958
DA:357,1
DA:359,959
DA:364,1039
DA:366,1039
DA:367,1039
DA:369,1039
DA:371,1039
DA:373,0
DA:376,1039
DA:377,1039
DA:379,1039
DA:380,1039
DA:381,1039
DA:386,1039
DA:392,1039
DA:394,785
DA:396,785
DA:397,785
DA:398,785
DA:400,0
DA:403,0
DA:409,1039
DA:410,401
DA:411,401
DA:414,1039
DA:415,2
DA:416,2
DA:419,1039
DA:423,1039
DA:425,1039
DA:426,2
DA:428,1039
DA:432,1039
DA:434,1039
DA:435,2
DA:438,1039
DA:442,959
DA:445,959
DA:447,959
DA:448,1
DA:449,1
DA:452,959
DA:453,2
DA:454,1
DA:456,1
DA:457,1
DA:461,959
DA:470,2
DA:472,2
DA:473,2
DA:482,2
DA:484,2
DA:485,2
DA:486,2
LF:159
LH:156
end_of_record
TN:
SF:/users/jharvey/repos/gunns/aspects/electrical/SolarArray/SolarArray.cpp
FN:46,_ZN20SolarArrayConfigDataC2ESsP13GunnsNodeListiiiddiddddddddddddd
FN:112,_ZN20SolarArrayConfigDataC2ERKS_
FN:158,_ZN20SolarArrayConfigDataD2Ev
FN:158,_ZN20SolarArrayConfigDataD0Ev
FN:174,_ZN19SolarArrayInputDataC2Ebdbbibbd
FN:201,_ZN19SolarArrayInputDataC2ERKS_
FN:222,_ZN19SolarArrayInputDataD0Ev
FN:222,_ZN19SolarArrayInputDataD2Ev
FN:230,_ZN10SolarArrayC2Ev
FN:255,_ZN10SolarArrayD0Ev
FN:255,_ZN10SolarArrayD2Ev
FN:269,_ZN10SolarArray10initializeERK20SolarArrayConfigDataRK19SolarArrayInputDataRSt6vectorIP14GunnsBasicLinkSaIS8_EEii
FN:299,_ZN10SolarArray14allocateArraysEv
FN:309,_ZN10SolarArray18initializeSectionsERK22SolarSectionConfigDataRK21SolarSectionInputData
FN:320,_ZN10SolarArray7cleanupEv
FN:328,_ZN10SolarArray12restartModelEv
FN:340,_ZN10SolarArray4stepEd
FN:425,_ZN10SolarArray12computeFlowsEd
FN:456,_ZN10SolarArray9minorStepEdi
FN:467,_ZN10SolarArray8validateEv
FN:477,_ZN10SolarArray21setupAdmittanceMatrixEv
FN:491,_ZN10SolarArray17setupSourceVectorEv
FN:504,_ZN10SolarArray25confirmSolutionAcceptableEii
FN:515,_ZN10SolarArray11isNonLinearEv
FN:523,_ZN10SolarArray18resetLastMinorStepEii
FN:532,_ZN10SolarArray20needAdmittanceUpdateEv
FN:541,_ZN10SolarArray9fakeOrbitEd
FNDA:9,_ZN10SolarArray21setupAdmittanceMatrixEv
FNDA:16,_ZN19SolarArrayInputDataC2Ebdbbibbd
FNDA:9,_ZN10SolarArray17setupSourceVectorEv
FNDA:7,_ZN10SolarArray14allocateArraysEv
FNDA:8,_ZN10SolarArray12computeFlowsEd
FNDA:16,_ZN19SolarArrayInputDataD0Ev
FNDA:0,_ZN10SolarArray12restartModelEv
FNDA:15,_ZN10SolarArrayC2Ev
FNDA:0,_ZN10SolarArray11isNonLinearEv
FNDA:0,_ZN10SolarArray25confirmSolutionAcceptableEii
FNDA:15,_ZN10SolarArray7cleanupEv
FNDA:1,_ZN20SolarArrayConfigDataC2ERKS_
FNDA:7,_ZN10SolarArray18initializeSectionsERK22SolarSectionConfigDataRK21SolarSectionInputData
FNDA:0,_ZN10SolarArray18resetLastMinorStepEii
FNDA:8,_ZN10SolarArray10initializeERK20SolarArrayConfigDataRK19SolarArrayInputDataRSt6vectorIP14GunnsBasicLinkSaIS8_EEii
FNDA:0,_ZN10SolarArray9fakeOrbitEd
FNDA:16,_ZN20SolarArrayConfigDataD2Ev
FNDA:15,_ZN20SolarArrayConfigDataD0Ev
FNDA:9,_ZN10SolarArray4stepEd
FNDA:1,_ZN10SolarArray9minorStepEdi
FNDA:17,_ZN19SolarArrayInputDataD2Ev
FNDA:0,_ZN10SolarArrayD0Ev
FNDA:15,_ZN20SolarArrayConfigDataC2ESsP13GunnsNodeListiiiddiddddddddddddd
FNDA:0,_ZN10SolarArray20needAdmittanceUpdateEv
FNDA:15,_ZN10SolarArrayD2Ev
FNDA:9,_ZN10SolarArray8validateEv
FNDA:1,_ZN19SolarArrayInputDataC2ERKS_
FNF:27
FNH:20
BRDA:161,3,3,0
BRDA:161,3,4,16
BRDA:225,3,3,0
BRDA:225,3,4,17
BRDA:258,2,2,0
BRDA:258,2,3,15
BRDA:302,0,0,7
BRDA:302,0,1,0
BRDA:302,3,4,56
BRDA:302,3,5,7
BRDA:302,4,6,-
BRDA:302,4,7,-
BRDA:302,6,8,-
BRDA:302,6,9,-
BRDA:302,13,14,56
BRDA:302,13,15,0
BRDA:302,20,18,56
BRDA:302,20,19,7
BRDA:312,1,0,56
BRDA:312,1,1,7
BRDA:322,0,0,7
BRDA:322,0,1,8
BRDA:322,2,2,56
BRDA:322,2,3,7
BRDA:343,0,1,0
BRDA:343,0,2,9
BRDA:348,0,0,0
BRDA:348,0,1,9
BRDA:351,0,1,0
BRDA:351,0,2,9
BRDA:352,1,0,-
BRDA:352,1,1,-
BRDA:371,1,0,72
BRDA:371,1,1,9
BRDA:378,9999,0,9
BRDA:378,9999,1,63
BRDA:468,0,0,1
BRDA:468,0,1,7
BRDA:469,0,8,0
BRDA:469,0,9,1
BRDA:479,0,0,8
BRDA:479,0,1,1
BRDA:543,0,0,-
BRDA:543,0,1,-
BRDA:545,1,0,-
BRDA:545,1,1,-
BRDA:555,0,0,-
BRDA:555,0,1,-
BRDA:562,0,0,-
BRDA:562,0,1,-
BRDA:562,1,2,-
BRDA:562,1,3,-
BRDA:564,0,0,-
BRDA:564,0,1,-
BRDA:564,1,2,-
BRDA:564,1,3,-
BRDA:567,0,0,-
BRDA:567,0,1,-
BRDA:567,1,2,-
BRDA:567,1,3,-
BRDA:569,0,0,-
BRDA:569,0,1,-
BRDA:569,1,2,-
BRDA:569,1,3,-
BRDA:576,0,0,-
BRDA:576,0,1,-
BRDA:581,0,0,-
BRDA:581,0,1,-
BRDA:585,0,0,-
BRDA:585,0,1,-
BRDA:591,0,0,-
BRDA:591,0,1,-
BRDA:596,1,0,-
BRDA:596,1,1,-
BRF:74
BRH:27
DA:46,15
DA:104,15
DA:107,15
DA:112,1
DA:150,1
DA:153,1
DA:158,31
DA:161,31
DA:174,16
DA:193,16
DA:196,16
DA:201,1
DA:213,1
DA:217,1
DA:222,33
DA:225,33
DA:230,15
DA:247,15
DA:250,15
DA:255,15
DA:257,15
DA:258,15
DA:269,8
DA:276,8
DA:278,8
DA:281,8
DA:282,8
DA:283,7
DA:284,7
DA:286,7
DA:287,7
DA:288,7
DA:289,7
DA:291,7
DA:292,7
DA:294,7
DA:299,7
DA:302,119
DA:304,7
DA:309,7
DA:312,63
DA:313,56
DA:315,7
DA:320,15
DA:322,71
DA:323,15
DA:328,0
DA:331,0
DA:334,0
DA:340,9
DA:342,9
DA:343,9
DA:344,0
DA:348,9
DA:349,0
DA:351,9
DA:352,0
DA:353,0
DA:359,9
DA:360,9
DA:361,9
DA:362,9
DA:363,9
DA:365,9
DA:366,9
DA:367,9
DA:368,9
DA:371,81
DA:376,72
DA:377,72
DA:378,72
DA:379,9
DA:382,72
DA:383,72
DA:388,72
DA:389,72
DA:394,72
DA:398,72
DA:401,72
DA:406,9
DA:407,9
DA:411,9
DA:412,9
DA:414,9
DA:415,9
DA:417,9
DA:419,9
DA:425,8
DA:436,8
DA:437,8
DA:449,8
DA:456,1
DA:458,1
DA:459,1
DA:460,1
DA:461,1
DA:462,1
DA:467,8
DA:468,8
DA:469,2
DA:472,7
DA:477,9
DA:479,9
DA:480,8
DA:481,8
DA:482,8
DA:483,8
DA:484,8
DA:486,9
DA:491,9
DA:495,9
DA:496,9
DA:497,9
DA:504,0
DA:507,0
DA:508,0
DA:515,0
DA:516,0
DA:523,0
DA:525,0
DA:532,0
DA:533,0
DA:541,0
DA:543,0
DA:545,0
DA:546,0
DA:549,0
DA:553,0
DA:555,0
DA:556,0
DA:559,0
DA:562,0
DA:563,0
DA:564,0
DA:566,0
DA:567,0
DA:568,0
DA:569,0
DA:570,0
DA:572,0
DA:576,0
DA:577,0
DA:581,0
DA:582,0
DA:585,0
DA:586,0
DA:590,0
DA:591,0
DA:592,0
DA:596,0
DA:597,0
DA:599,0
LF:152
LH:106
end_of_record
TN:
SF:/users/jharvey/repos/gunns/aspects/electrical/SolarArray/SolarSection.cpp
FN:28,_ZN22SolarSectionConfigDataC2EiRK21SolarStringConfigData
FN:39,_ZN22SolarSectionConfigDataC2ERKS_
FN:50,_ZN22SolarSectionConfigDataD2Ev
FN:50,_ZN22SolarSectionConfigDataD0Ev
FN:60,_ZN21SolarSectionInputDataC2EbRK20SolarStringInputData
FN:72,_ZN21SolarSectionInputDataC2ERKS_
FN:83,_ZN21SolarSectionInputDataD2Ev
FN:83,_ZN21SolarSectionInputDataD0Ev
FN:91,_ZN12SolarSectionC2Ev
FN:119,_ZN12SolarSectionD2Ev
FN:119,_ZN12SolarSectionD0Ev
FN:130,_ZN12SolarSection10initializeERK22SolarSectionConfigDataRK21SolarSectionInputData
FN:155,_ZN12SolarSection8validateEv
FN:172,_ZN12SolarSection6updateEbdd
FN:240,_ZN12SolarSection14allocateArraysEv
FN:249,_ZN12SolarSection7cleanupEv
FN:257,_ZN12SolarSection15setSunIntensityEd
FN:264,_ZN12SolarSection13getRefCellVocEv
FN:281,_ZN12SolarSection12getStringIscEv
FN:298,_ZN12SolarSection15getStringIscRefEv
FN:317,_ZN12SolarSection17setFakeOrbitParmsEbddb
FN:336,_ZN12SolarSection16setFakeOrbitFlagEb
FNDA:66,_ZN12SolarSection8validateEv
FNDA:70,_ZN12SolarSectionD2Ev
FNDA:63,_ZN12SolarSection14allocateArraysEv
FNDA:79,_ZN12SolarSection6updateEbdd
FNDA:0,_ZN12SolarSectionD0Ev
FNDA:32,_ZN22SolarSectionConfigDataD2Ev
FNDA:31,_ZN22SolarSectionConfigDataC2EiRK21SolarStringConfigData
FNDA:0,_ZN12SolarSection16setFakeOrbitFlagEb
FNDA:1,_ZN22SolarSectionConfigDataC2ERKS_
FNDA:72,_ZN12SolarSection13getRefCellVocEv
FNDA:64,_ZN12SolarSection10initializeERK22SolarSectionConfigDataRK21SolarSectionInputData
FNDA:15,_ZN22SolarSectionConfigDataD0Ev
FNDA:33,_ZN21SolarSectionInputDataC2EbRK20SolarStringInputData
FNDA:34,_ZN21SolarSectionInputDataD2Ev
FNDA:0,_ZN12SolarSection17setFakeOrbitParmsEbddb
FNDA:1,_ZN21SolarSectionInputDataC2ERKS_
FNDA:16,_ZN21SolarSectionInputDataD0Ev
FNDA:70,_ZN12SolarSection7cleanupEv
FNDA:1,_ZN12SolarSection15setSunIntensityEd
FNDA:72,_ZN12SolarSection12getStringIscEv
FNDA:72,_ZN12SolarSection15getStringIscRefEv
FNDA:126,_ZN12SolarSectionC2Ev
FNF:22
FNH:19
BRDA:53,0,1,0
BRDA:53,0,2,32
BRDA:86,0,1,0
BRDA:86,0,2,34
BRDA:122,9999,0,0
BRDA:122,9999,1,70
BRDA:146,0,0,854
BRDA:146,0,1,63
BRDA:161,9999,0,1
BRDA:161,9999,1,63
BRDA:162,0,8,0
BRDA:162,0,9,1
BRDA:192,0,0,77
BRDA:192,0,1,2
BRDA:192,1,2,2
BRDA:192,1,3,75
BRDA:203,0,0,2
BRDA:203,0,1,77
BRDA:203,1,2,2
BRDA:203,1,3,0
BRDA:210,1,0,1014
BRDA:210,1,1,79
BRDA:219,9999,0,0
BRDA:219,9999,1,1014
BRDA:243,0,0,63
BRDA:243,0,1,0
BRDA:243,3,4,854
BRDA:243,3,5,63
BRDA:243,4,6,-
BRDA:243,4,7,-
BRDA:243,6,8,-
BRDA:243,6,9,-
BRDA:243,13,14,854
BRDA:243,13,15,0
BRDA:243,20,18,854
BRDA:243,20,19,63
BRDA:251,0,0,63
BRDA:251,0,1,7
BRDA:251,2,2,854
BRDA:251,2,3,63
BRDA:267,2,0,720
BRDA:267,2,1,72
BRDA:269,9999,0,72
BRDA:269,9999,1,648
BRDA:284,2,0,720
BRDA:284,2,1,72
BRDA:286,9999,0,72
BRDA:286,9999,1,648
BRDA:301,2,0,720
BRDA:301,2,1,72
BRDA:303,9999,0,72
BRDA:303,9999,1,648
BRDA:323,0,0,-
BRDA:323,0,1,-
BRF:54
BRH:40
DA:28,31
DA:31,31
DA:34,31
DA:39,1
DA:42,1
DA:45,1
DA:50,47
DA:53,47
DA:60,33
DA:64,33
DA:67,33
DA:72,1
DA:75,1
DA:78,1
DA:83,50
DA:86,50
DA:91,126
DA:111,126
DA:114,126
DA:119,70
DA:121,70
DA:122,70
DA:130,64
DA:134,64
DA:137,64
DA:140,64
DA:143,63
DA:146,917
DA:147,854
DA:149,63
DA:155,64
DA:158,64
DA:161,64
DA:162,2
DA:163,64
DA:164,63
DA:172,79
DA:181,79
DA:182,79
DA:185,79
DA:186,79
DA:187,79
DA:188,79
DA:189,79
DA:192,79
DA:194,2
DA:197,77
DA:203,79
DA:204,2
DA:206,77
DA:210,1093
DA:212,1014
DA:213,1014
DA:216,1014
DA:219,1014
DA:220,0
DA:222,1014
DA:226,1014
DA:227,1014
DA:231,79
DA:232,79
DA:233,79
DA:240,63
DA:243,1771
DA:245,63
DA:249,70
DA:251,924
DA:252,70
DA:257,1
DA:258,1
DA:259,1
DA:264,72
DA:265,72
DA:266,72
DA:267,792
DA:268,720
DA:269,720
DA:270,72
DA:274,72
DA:281,72
DA:282,72
DA:283,72
DA:284,792
DA:285,720
DA:286,720
DA:287,72
DA:290,72
DA:298,72
DA:299,72
DA:300,72
DA:301,792
DA:302,720
DA:303,720
DA:304,72
DA:307,72
DA:317,0
DA:318,0
DA:319,0
DA:320,0
DA:321,0
DA:323,0
DA:324,0
DA:325,0
DA:327,0
DA:328,0
DA:330,0
DA:336,0
DA:337,0
DA:338,0
LF:109
LH:94
end_of_record
TN:
SF:/users/jharvey/repos/gunns/aspects/electrical/SolarArray/SolarString.cpp
FN:32,_ZN21SolarStringConfigDataC2EiddiRK30PVCellCompanionModelConfigData
FN:50,_ZN21SolarStringConfigDataC2ERKS_
FN:64,_ZN21SolarStringConfigDataD0Ev
FN:64,_ZN21SolarStringConfigDataD2Ev
FN:75,_ZN20SolarStringInputDataC2EbiRK29PVCellCompanionModelInputData
FN:89,_ZN20SolarStringInputDataC2ERKS_
FN:102,_ZN20SolarStringInputDataD2Ev
FN:102,_ZN20SolarStringInputDataD0Ev
FN:110,_ZN11SolarStringC2Ev
FN:130,_ZN11SolarStringD2Ev
FN:130,_ZN11SolarStringD0Ev
FN:141,_ZN11SolarString10initializeERK21SolarStringConfigDataRK20SolarStringInputData
FN:170,_ZN11SolarString6updateEbdddddb
FN:220,_ZN11SolarString8validateEv
FN:251,_ZN11SolarString17setMalfFailStringEb
FNDA:872,_ZN11SolarStringD2Ev
FNDA:69,_ZN21SolarStringConfigDataD0Ev
FNDA:1025,_ZN11SolarString6updateEbdddddb
FNDA:87,_ZN20SolarStringInputDataD2Ev
FNDA:0,_ZN11SolarStringD0Ev
FNDA:86,_ZN21SolarStringConfigDataC2EiddiRK30PVCellCompanionModelConfigData
FNDA:35,_ZN20SolarStringInputDataC2ERKS_
FNDA:2,_ZN11SolarString17setMalfFailStringEb
FNDA:119,_ZN21SolarStringConfigDataD2Ev
FNDA:872,_ZN11SolarString8validateEv
FNDA:52,_ZN20SolarStringInputDataC2EbiRK29PVCellCompanionModelInputData
FNDA:866,_ZN11SolarString10initializeERK21SolarStringConfigDataRK20SolarStringInputData
FNDA:1726,_ZN11SolarStringC2Ev
FNDA:33,_ZN21SolarStringConfigDataC2ERKS_
FNDA:34,_ZN20SolarStringInputDataD0Ev
FNF:15
FNH:14
BRDA:67,0,1,0
BRDA:67,0,2,119
BRDA:105,0,1,0
BRDA:105,0,2,87
BRDA:133,0,1,0
BRDA:133,0,2,872
BRDA:187,0,0,1024
BRDA:187,0,1,1
BRDA:187,1,2,0
BRDA:187,1,3,1024
BRDA:191,0,0,1025
BRDA:191,0,1,0
BRDA:191,1,2,1024
BRDA:191,1,3,1
BRDA:191,2,4,1024
BRDA:191,2,5,0
BRDA:202,9999,0,1024
BRDA:202,9999,1,1
BRDA:202,0,2,1024
BRDA:202,0,3,0
BRDA:226,9999,0,1
BRDA:226,9999,1,865
BRDA:227,0,8,0
BRDA:227,0,9,1
BRDA:232,0,0,1
BRDA:232,0,1,864
BRDA:233,0,8,0
BRDA:233,0,9,1
BRDA:238,0,0,1
BRDA:238,0,1,863
BRDA:239,0,8,0
BRDA:239,0,9,1
BRF:32
BRH:22
DA:32,86
DA:42,86
DA:45,86
DA:50,33
DA:56,33
DA:59,33
DA:64,188
DA:67,188
DA:75,52
DA:81,52
DA:84,52
DA:89,35
DA:93,35
DA:96,35
DA:102,121
DA:105,121
DA:110,1726
DA:122,1726
DA:125,1726
DA:130,872
DA:133,872
DA:141,866
DA:145,866
DA:146,866
DA:147,866
DA:148,866
DA:150,866
DA:151,866
DA:153,866
DA:156,863
DA:158,863
DA:170,1025
DA:179,1025
DA:180,1025
DA:182,1025
DA:183,1025
DA:186,1025
DA:187,1025
DA:188,1
DA:191,1025
DA:194,1024
DA:196,1
DA:199,1025
DA:202,2049
DA:203,1024
DA:205,1
DA:208,1025
DA:212,1025
DA:213,1025
DA:214,1025
DA:220,866
DA:223,866
DA:226,866
DA:227,2
DA:232,865
DA:233,2
DA:238,864
DA:239,2
DA:241,866
DA:243,863
DA:251,2
DA:253,2
DA:254,2
LF:63
LH:63
end_of_record
TN:
SF:/users/jharvey/repos/gunns/core/GunnsBasicLink.hh
FN:462,_ZN14GunnsBasicLink28setMinLinearizationPotentialEd
FN:473,_ZN14GunnsBasicLink12computePowerEv
FN:483,_ZN14GunnsBasicLink11updateStateEd
FN:494,_ZN14GunnsBasicLink10updateFluxEdd
FN:579,_ZNK14GunnsBasicLink22checkSpecificPortRulesEii
FN:588,_ZN14GunnsBasicLink13processInputsEv
FN:596,_ZN14GunnsBasicLink14processOutputsEv
FNDA:0,_ZN14GunnsBasicLink13processInputsEv
FNDA:16,_ZNK14GunnsBasicLink22checkSpecificPortRulesEii
FNDA:0,_ZN14GunnsBasicLink12computePowerEv
FNDA:0,_ZN14GunnsBasicLink11updateStateEd
FNDA:0,_ZN14GunnsBasicLink14processOutputsEv
FNDA:0,_ZN14GunnsBasicLink10updateFluxEdd
FNDA:0,_ZN14GunnsBasicLink28setMinLinearizationPotentialEd
FNF:7
FNH:1
DA:462,0
DA:464,0
DA:465,0
DA:473,0
DA:475,0
DA:476,0
DA:483,0
DA:486,0
DA:494,0
DA:498,0
DA:579,16
DA:582,16
DA:588,0
DA:591,0
DA:596,0
DA:599,0
LF:16
LH:2
end_of_record
